Flow report for fc_galaxian
Sun May 10 21:21:14 2026
Quartus Prime Version 18.0.0 Build 614 04/24/2018 SJ Lite Edition


---------------------
; Table of Contents ;
---------------------
  1. Legal Notice
  2. Flow Summary
  3. Flow Settings
  4. Flow Non-Default Global Settings
  5. Flow Elapsed Time
  6. Flow OS Summary
  7. Flow Log
  8. Flow Messages
  9. Flow Suppressed Messages



----------------
; Legal Notice ;
----------------
Copyright (C) 2018  Intel Corporation. All rights reserved.
Your use of Intel Corporation's design tools, logic functions 
and other software and tools, and its AMPP partner logic 
functions, and any output files from any of the foregoing 
(including device programming or simulation files), and any 
associated documentation or information are expressly subject 
to the terms and conditions of the Intel Program License 
Subscription Agreement, the Intel Quartus Prime License Agreement,
the Intel FPGA IP License Agreement, or other applicable license
agreement, including, without limitation, that your use is for
the sole purpose of programming logic devices manufactured by
Intel and sold by Intel or its authorized distributors.  Please
refer to the applicable agreement for further details.



+----------------------------------------------------------------------------------+
; Flow Summary                                                                     ;
+------------------------------------+---------------------------------------------+
; Flow Status                        ; Successful - Sun May 10 21:21:14 2026       ;
; Quartus Prime Version              ; 18.0.0 Build 614 04/24/2018 SJ Lite Edition ;
; Revision Name                      ; fc_galaxian                                 ;
; Top-level Entity Name              ; fc_galaxian_top                             ;
; Family                             ; Cyclone IV E                                ;
; Device                             ; EP4CE115F29C7                               ;
; Timing Models                      ; Final                                       ;
; Total logic elements               ; 6,930 / 114,480 ( 6 % )                     ;
;     Total combinational functions  ; 6,629 / 114,480 ( 6 % )                     ;
;     Dedicated logic registers      ; 1,967 / 114,480 ( 2 % )                     ;
; Total registers                    ; 2086                                        ;
; Total pins                         ; 135 / 529 ( 26 % )                          ;
; Total virtual pins                 ; 0                                           ;
; Total memory bits                  ; 76,928 / 3,981,312 ( 2 % )                  ;
; Embedded Multiplier 9-bit elements ; 0 / 532 ( 0 % )                             ;
; Total PLLs                         ; 1 / 4 ( 25 % )                              ;
+------------------------------------+---------------------------------------------+


+-----------------------------------------+
; Flow Settings                           ;
+-------------------+---------------------+
; Option            ; Setting             ;
+-------------------+---------------------+
; Start date & time ; 05/10/2026 21:19:30 ;
; Main task         ; Compilation         ;
; Revision Name     ; fc_galaxian         ;
+-------------------+---------------------+


+-----------------------------------------------------------------------------------------------------------------------------------------------------+
; Flow Non-Default Global Settings                                                                                                                    ;
+-------------------------------------+------------------------------------------------------------+---------------+-----------------+----------------+
; Assignment Name                     ; Value                                                      ; Default Value ; Entity Name     ; Section Id     ;
+-------------------------------------+------------------------------------------------------------+---------------+-----------------+----------------+
; COMPILER_SIGNATURE_ID               ; 1099218827293.177841917055560                              ; --            ; --              ; --             ;
; EDA_OUTPUT_DATA_FORMAT              ; Systemverilog Hdl                                          ; --            ; --              ; eda_simulation ;
; EDA_SIMULATION_TOOL                 ; ModelSim-Altera (SystemVerilog)                            ; <None>        ; --              ; --             ;
; EDA_TIME_SCALE                      ; 1 ps                                                       ; --            ; --              ; eda_simulation ;
; MAX_CORE_JUNCTION_TEMP              ; 85                                                         ; --            ; --              ; --             ;
; MIN_CORE_JUNCTION_TEMP              ; 0                                                          ; --            ; --              ; --             ;
; MISC_FILE                           ; lab9_soc/synthesis/../lab9_soc.cmp                         ; --            ; --              ; --             ;
; MISC_FILE                           ; lab9_soc/synthesis/../../lab9_soc.qsys                     ; --            ; --              ; --             ;
; NOMINAL_CORE_SUPPLY_VOLTAGE         ; 1.2V                                                       ; --            ; --              ; --             ;
; NUM_PARALLEL_PROCESSORS             ; All                                                        ; --            ; --              ; --             ;
; PARTITION_COLOR                     ; -- (Not supported for targeted family)                     ; --            ; fc_galaxian_top ; Top            ;
; PARTITION_FITTER_PRESERVATION_LEVEL ; -- (Not supported for targeted family)                     ; --            ; fc_galaxian_top ; Top            ;
; PARTITION_NETLIST_TYPE              ; -- (Not supported for targeted family)                     ; --            ; fc_galaxian_top ; Top            ;
; POWER_BOARD_THERMAL_MODEL           ; None (CONSERVATIVE)                                        ; --            ; --              ; --             ;
; POWER_PRESET_COOLING_SOLUTION       ; 23 MM HEAT SINK WITH 200 LFPM AIRFLOW                      ; --            ; --              ; --             ;
; PROJECT_OUTPUT_DIRECTORY            ; output_files                                               ; --            ; --              ; --             ;
; SLD_FILE                            ; lab9_soc/synthesis/lab9_soc.regmap                         ; --            ; --              ; --             ;
; SLD_FILE                            ; lab9_soc/synthesis/lab9_soc.debuginfo                      ; --            ; --              ; --             ;
; SLD_INFO                            ; QSYS_NAME lab9_soc HAS_SOPCINFO 1 GENERATION_ID 1778414633 ; --            ; lab9_soc        ; --             ;
; SOPCINFO_FILE                       ; lab9_soc/synthesis/../../lab9_soc.sopcinfo                 ; --            ; --              ; --             ;
; SYNTHESIS_ONLY_QIP                  ; On                                                         ; --            ; --              ; --             ;
; TOP_LEVEL_ENTITY                    ; fc_galaxian_top                                            ; fc_galaxian   ; --              ; --             ;
+-------------------------------------+------------------------------------------------------------+---------------+-----------------+----------------+


+--------------------------------------------------------------------------------------------------------------------------+
; Flow Elapsed Time                                                                                                        ;
+----------------------+--------------+-------------------------+---------------------+------------------------------------+
; Module Name          ; Elapsed Time ; Average Processors Used ; Peak Virtual Memory ; Total CPU Time (on all processors) ;
+----------------------+--------------+-------------------------+---------------------+------------------------------------+
; Analysis & Synthesis ; 00:00:56     ; 1.0                     ; 5054 MB             ; 00:01:07                           ;
; Fitter               ; 00:00:32     ; 1.3                     ; 6826 MB             ; 00:01:13                           ;
; Assembler            ; 00:00:02     ; 1.0                     ; 4723 MB             ; 00:00:02                           ;
; Timing Analyzer      ; 00:00:03     ; 1.8                     ; 5085 MB             ; 00:00:04                           ;
; EDA Netlist Writer   ; 00:00:04     ; 1.0                     ; 4759 MB             ; 00:00:04                           ;
; Total                ; 00:01:37     ; --                      ; --                  ; 00:02:30                           ;
+----------------------+--------------+-------------------------+---------------------+------------------------------------+


+------------------------------------------------------------------------------------+
; Flow OS Summary                                                                    ;
+----------------------+------------------+------------+------------+----------------+
; Module Name          ; Machine Hostname ; OS Name    ; OS Version ; Processor type ;
+----------------------+------------------+------------+------------+----------------+
; Analysis & Synthesis ; Second           ; Windows 10 ; 10.0       ; x86_64         ;
; Fitter               ; Second           ; Windows 10 ; 10.0       ; x86_64         ;
; Assembler            ; Second           ; Windows 10 ; 10.0       ; x86_64         ;
; Timing Analyzer      ; Second           ; Windows 10 ; 10.0       ; x86_64         ;
; EDA Netlist Writer   ; Second           ; Windows 10 ; 10.0       ; x86_64         ;
+----------------------+------------------+------------+------------+----------------+


------------
; Flow Log ;
------------
quartus_map --read_settings_files=on --write_settings_files=off fc_galaxian -c fc_galaxian
quartus_fit --read_settings_files=off --write_settings_files=off fc_galaxian -c fc_galaxian
quartus_asm --read_settings_files=off --write_settings_files=off fc_galaxian -c fc_galaxian
quartus_sta fc_galaxian -c fc_galaxian
quartus_eda --read_settings_files=off --write_settings_files=off fc_galaxian -c fc_galaxian



